[2024-02-10T04:12:49.004+0000] {taskinstance.py:1957} INFO - Dependencies all met for dep_context=non-requeueable deps ti=<TaskInstance: weather_api_dag.get_weather_data backfill__2024-02-09T10:00:00+00:00 [queued]>
[2024-02-10T04:12:49.118+0000] {taskinstance.py:1957} INFO - Dependencies all met for dep_context=requeueable deps ti=<TaskInstance: weather_api_dag.get_weather_data backfill__2024-02-09T10:00:00+00:00 [queued]>
[2024-02-10T04:12:49.127+0000] {taskinstance.py:2171} INFO - Starting attempt 1 of 1
[2024-02-10T04:12:49.522+0000] {taskinstance.py:2192} INFO - Executing <Task(PythonOperator): get_weather_data> on 2024-02-09 10:00:00+00:00
[2024-02-10T04:12:49.623+0000] {standard_task_runner.py:60} INFO - Started process 5058 to run task
[2024-02-10T04:12:49.695+0000] {standard_task_runner.py:87} INFO - Running: ['***', 'tasks', 'run', 'weather_api_dag', 'get_weather_data', 'backfill__2024-02-09T10:00:00+00:00', '--job-id', '41', '--pool', 'default_pool', '--raw', '--subdir', 'DAGS_FOLDER/weather_api_dag.py', '--cfg-path', '/tmp/tmpbkg4miyk']
[2024-02-10T04:12:49.770+0000] {standard_task_runner.py:88} INFO - Job 41: Subtask get_weather_data
[2024-02-10T04:12:50.323+0000] {task_command.py:423} INFO - Running <TaskInstance: weather_api_dag.get_weather_data backfill__2024-02-09T10:00:00+00:00 [running]> on host 442b6bee1a9c
[2024-02-10T04:12:51.144+0000] {taskinstance.py:2481} INFO - Exporting env vars: AIRFLOW_CTX_DAG_EMAIL='tharathip.kul@gmail.com' AIRFLOW_CTX_DAG_OWNER='***' AIRFLOW_CTX_DAG_ID='weather_api_dag' AIRFLOW_CTX_TASK_ID='get_weather_data' AIRFLOW_CTX_EXECUTION_DATE='2024-02-09T10:00:00+00:00' AIRFLOW_CTX_TRY_NUMBER='1' AIRFLOW_CTX_DAG_RUN_ID='backfill__2024-02-09T10:00:00+00:00'
[2024-02-10T04:12:51.883+0000] {logging_mixin.py:188} INFO - {'coord': {'lon': 100.5167, 'lat': 13.75}, 'weather': [{'id': 500, 'main': 'Rain', 'description': 'light rain', 'icon': '10d'}], 'base': 'stations', 'main': {'temp': 304.55, 'feels_like': 311.55, 'temp_min': 304.09, 'temp_max': 305.88, 'pressure': 1016, 'humidity': 74}, 'visibility': 7289, 'wind': {'speed': 3.75, 'deg': 96, 'gust': 4.9}, 'rain': {'1h': 0.19}, 'clouds': {'all': 89}, 'dt': 1707537933, 'sys': {'type': 2, 'id': 2031980, 'country': 'TH', 'sunrise': 1707522198, 'sunset': 1707564066}, 'timezone': 25200, 'id': 1609350, 'name': 'Bangkok', 'cod': 200}
[2024-02-10T04:12:52.496+0000] {taskinstance.py:2699} ERROR - Task failed with exception
Traceback (most recent call last):
  File "/home/airflow/.local/lib/python3.8/site-packages/requests/models.py", line 971, in json
    return complexjson.loads(self.text, **kwargs)
  File "/usr/local/lib/python3.8/json/__init__.py", line 357, in loads
    return _default_decoder.decode(s)
  File "/usr/local/lib/python3.8/json/decoder.py", line 337, in decode
    obj, end = self.raw_decode(s, idx=_w(s, 0).end())
  File "/usr/local/lib/python3.8/json/decoder.py", line 355, in raw_decode
    raise JSONDecodeError("Expecting value", s, err.value) from None
json.decoder.JSONDecodeError: Expecting value: line 1 column 1 (char 0)

During handling of the above exception, another exception occurred:

Traceback (most recent call last):
  File "/home/airflow/.local/lib/python3.8/site-packages/airflow/models/taskinstance.py", line 433, in _execute_task
    result = execute_callable(context=context, **execute_callable_kwargs)
  File "/home/airflow/.local/lib/python3.8/site-packages/airflow/operators/python.py", line 199, in execute
    return_value = self.execute_callable()
  File "/home/airflow/.local/lib/python3.8/site-packages/airflow/operators/python.py", line 216, in execute_callable
    return self.python_callable(*self.op_args, **self.op_kwargs)
  File "/opt/airflow/dags/weather_api_dag.py", line 45, in _get_weather_data
    print(response.json())
  File "/home/airflow/.local/lib/python3.8/site-packages/requests/models.py", line 975, in json
    raise RequestsJSONDecodeError(e.msg, e.doc, e.pos)
requests.exceptions.JSONDecodeError: Expecting value: line 1 column 1 (char 0)
[2024-02-10T04:12:52.610+0000] {taskinstance.py:1138} INFO - Marking task as FAILED. dag_id=weather_api_dag, task_id=get_weather_data, execution_date=20240209T100000, start_date=20240210T041249, end_date=20240210T041252
[2024-02-10T04:12:52.913+0000] {logging_mixin.py:188} WARNING - /home/***/.local/lib/python3.8/site-packages/***/utils/email.py:154 RemovedInAirflow3Warning: Fetching SMTP credentials from configuration variables will be deprecated in a future release. Please set credentials using a connection instead.
[2024-02-10T04:12:52.944+0000] {configuration.py:1046} WARNING - section/key [smtp/smtp_user] not found in config
[2024-02-10T04:12:52.946+0000] {email.py:270} INFO - Email alerting: attempt 1
[2024-02-10T04:12:52.953+0000] {email.py:281} INFO - Sent an alert email to ['tharathip.kul@gmail.com']
[2024-02-10T04:12:53.078+0000] {standard_task_runner.py:107} ERROR - Failed to execute job 41 for task get_weather_data (Expecting value: line 1 column 1 (char 0); 5058)
[2024-02-10T04:12:53.201+0000] {local_task_job_runner.py:234} INFO - Task exited with return code 1
[2024-02-10T04:12:53.301+0000] {taskinstance.py:3281} INFO - 0 downstream tasks scheduled from follow-on schedule check
